mar. 16, 2025 2:29:57 PM liquibase.changelog
INFORMA합ES: Reading resource: db/changelog/migrations/db.changelog-202408191938.sql
mar. 16, 2025 2:29:58 PM liquibase.changelog
INFORMA합ES: Reading from board.databasechangelog
Database is up to date, no changesets to execute
mar. 16, 2025 2:29:58 PM liquibase.changelog
INFORMA합ES: Reading from board.databasechangelog

UPDATE SUMMARY
Run:                          0
Previously run:               1
Filtered out:                 0
-------------------------------
Total change sets:            1

mar. 16, 2025 2:29:58 PM liquibase.util
INFORMA합ES: UPDATE SUMMARY
mar. 16, 2025 2:29:58 PM liquibase.util
INFORMA합ES: Run:                          0
mar. 16, 2025 2:29:58 PM liquibase.util
INFORMA합ES: Previously run:               1
mar. 16, 2025 2:29:58 PM liquibase.util
INFORMA합ES: Filtered out:                 0
mar. 16, 2025 2:29:58 PM liquibase.util
INFORMA합ES: -------------------------------
mar. 16, 2025 2:29:58 PM liquibase.util
INFORMA합ES: Total change sets:            1
mar. 16, 2025 2:29:58 PM liquibase.util
INFORMA합ES: Update summary generated
mar. 16, 2025 2:29:58 PM liquibase.lockservice
INFORMA합ES: Successfully released change log lock
mar. 16, 2025 2:29:58 PM liquibase.command
INFORMA합ES: Command execution complete
